<?xml version="1.0" encoding="UTF-8" ?>
<testsuite failures="0" time="0.967" errors="0" skipped="0" tests="6" name="org.androidpn.server.dao.UserDaoTest">
  <properties>
    <property name="java.vendor" value="Sun Microsystems Inc."/>
    <property name="env.SYSTEMROOT" value="C:\Windows"/>
    <property name="env.MOZ_PLUGIN_PATH" value="C:\PROGRAM FILES\FOXIT SOFTWARE\FOXIT READER\plugins\"/>
    <property name="localRepository" value="F:\apache-maven-3.1.0"/>
    <property name="sun.java.launcher" value="SUN_STANDARD"/>
    <property name="env.TVT" value="C:\Program Files\Lenovo"/>
    <property name="sun.management.compiler" value="HotSpot Client Compiler"/>
    <property name="env.PROMPT" value="$P$G"/>
    <property name="os.name" value="Windows Vista"/>
    <property name="env.FP_NO_HOST_CHECK" value="NO"/>
    <property name="sun.boot.class.path" value="C:\Program Files\Java\jdk1.6.0_10\jre\lib\resources.jar;C:\Program Files\Java\jdk1.6.0_10\jre\lib\rt.jar;C:\Program Files\Java\jdk1.6.0_10\jre\lib\sunrsasign.jar;C:\Program Files\Java\jdk1.6.0_10\jre\lib\jsse.jar;C:\Program Files\Java\jdk1.6.0_10\jre\lib\jce.jar;C:\Program Files\Java\jdk1.6.0_10\jre\lib\charsets.jar;C:\Program Files\Java\jdk1.6.0_10\jre\classes"/>
    <property name="env.COMPUTERNAME" value="REN-LUO"/>
    <property name="env.ALLUSERSPROFILE" value="C:\ProgramData"/>
    <property name="sun.desktop" value="windows"/>
    <property name="java.vm.specification.vendor" value="Sun Microsystems Inc."/>
    <property name="java.runtime.version" value="1.6.0_10-rc2-b32"/>
    <property name="env.HOMEPATH" value="\Users\renlikun"/>
    <property name="user.name" value="renlikun"/>
    <property name="env.SWSHARE" value="C:\SWSHARE"/>
    <property name="maven.build.version" value="Apache Maven 3.1.0 (893ca28a1da9d5f51ac03827af98bb730128f9f2; 2013-06-28 10:15:32+0800)"/>
    <property name="env.MAVENPATH" value="F:\apache-maven-3.1.0\bin"/>
    <property name="env.WINDOWS_TRACING_FLAGS" value="3"/>
    <property name="env.PATH" value="C:\Program Files\Common Files\Microsoft Shared\Windows Live;C:\Windows\system32;C:\Windows;C:\Windows\System32\Wbem;C:\Windows\System32\WindowsPowerShell\v1.0\;C:\Program Files\ThinkPad\Bluetooth Software\;C:\Program Files\Broadcom\WHL\;C:\Program Files\ATI Technologies\ATI.ACE\Core-Static;C:\Program Files\Common Files\Lenovo;C:\Program Files\Common Files\Ulead Systems\MPEG;C:\Program Files\Windows Live\Shared;C:\SWTOOLS\ReadyApps;C:\Program Files\Common Files\Acronis\SnapAPI\;C:\work\android-sdk-windows\tools;C:\work\android-sdk-windows\platform-tools;C:\Program Files\Subversion\bin;C:\Program Files\Java\jdk1.6.0_10\lib\dt.jar;C:\Program Files\Java\jdk1.6.0_10\lib\tools.jar;C:\Program Files\Apache Software Foundation\Tomcat 6.0\lib\servlet-api.jar;C:\Program Files\北京银行网银助手;C:\Program Files\TortoiseSVN\bin;F:\apache-maven-3.1.0\bin;C:\Program Files\Java\jdk1.6.0_10\bin;C:\Program Files\MySQL\MySQL Server 5.6\bin;C:\Progr;C:\Progr;C:\Program Files\MySQL\MySQL Server 5.5\bin;C:\Program Files\IDM Computer Solutions\UltraEdit\;C:\Program Files\IDM Computer Solutions\UltraCompare\"/>
    <property name="user.language" value="zh"/>
    <property name="env.WINDIR" value="C:\Windows"/>
    <property name="sun.boot.library.path" value="C:\Program Files\Java\jdk1.6.0_10\jre\bin"/>
    <property name="classworlds.conf" value="F:\apache-maven-3.1.0\bin\..\bin\m2.conf"/>
    <property name="env.COMMPATH" value="C:\Program Files\Lenovo\Communications Utility"/>
    <property name="java.version" value="1.6.0_10-rc2"/>
    <property name="env.PROCESSOR_IDENTIFIER" value="x86 Family 6 Model 42 Stepping 7, GenuineIntel"/>
    <property name="user.timezone" value="Asia/Shanghai"/>
    <property name="env.TEMP" value="C:\Users\renlikun\AppData\Local\Temp"/>
    <property name="sun.arch.data.model" value="32"/>
    <property name="env.WINDOWS_TRACING_LOGFILE" value="C:\BVTBin\Tests\installpackage\csilogfile.log"/>
    <property name="env.APR_ICONV_PATH" value="C:\Program Files\Subversion\iconv"/>
    <property name="env.1830B7BD-F7A3-4C4D-989B-C004DE465EDE" value="edc:d614750"/>
    <property name="java.endorsed.dirs" value="C:\Program Files\Java\jdk1.6.0_10\jre\lib\endorsed"/>
    <property name="sun.cpu.isalist" value="pentium_pro+mmx pentium_pro pentium+mmx pentium i486 i386 i86"/>
    <property name="env.HOMEDRIVE" value="C:"/>
    <property name="sun.jnu.encoding" value="GBK"/>
    <property name="file.encoding.pkg" value="sun.io"/>
    <property name="env.SYSTEMDRIVE" value="C:"/>
    <property name="env.TVTPYDIR" value="C:\Program Files\Common Files\Lenovo\Python24"/>
    <property name="file.separator" value="\"/>
    <property name="java.specification.name" value="Java Platform API Specification"/>
    <property name="java.class.version" value="50.0"/>
    <property name="org.slf4j.simpleLogger.defaultLogLevel" value="info"/>
    <property name="user.country" value="CN"/>
    <property name="java.home" value="C:\Program Files\Java\jdk1.6.0_10\jre"/>
    <property name="env.APPDATA" value="C:\Users\renlikun\AppData\Roaming"/>
    <property name="env.CONFIGSETROOT" value="C:\Windows\ConfigSetRoot"/>
    <property name="env.PUBLIC" value="C:\Users\Public"/>
    <property name="java.vm.info" value="mixed mode, sharing"/>
    <property name="env.CATALINA_HOME" value="C:\Program Files\Apache Software Foundation\Tomcat 6.0"/>
    <property name="env.TOMCAT_HOME" value="C:\Program Files\Apache Software Foundation\Tomcat 6.0"/>
    <property name="env.OS" value="Windows_NT"/>
    <property name="os.version" value="6.1"/>
    <property name="env.=::" value="::\"/>
    <property name="path.separator" value=";"/>
    <property name="java.vm.version" value="11.0-b15"/>
    <property name="env.TVTCOMMON" value="C:\Program Files\Common Files\Lenovo"/>
    <property name="env.USERPROFILE" value="C:\Users\renlikun"/>
    <property name="user.variant" value=""/>
    <property name="env.JAVA_HOME" value="C:\Program Files\Java\jdk1.6.0_10"/>
    <property name="java.awt.printerjob" value="sun.awt.windows.WPrinterJob"/>
    <property name="env.TMP" value="C:\Users\renlikun\AppData\Local\Temp"/>
    <property name="env.PROGRAMFILES" value="C:\Program Files"/>
    <property name="sun.io.unicode.encoding" value="UnicodeLittle"/>
    <property name="awt.toolkit" value="sun.awt.windows.WToolkit"/>
    <property name="user.home" value="C:\Users\renlikun"/>
    <property name="env.COMMONPROGRAMFILES" value="C:\Program Files\Common Files"/>
    <property name="env.SESSIONNAME" value="Console"/>
    <property name="java.specification.vendor" value="Sun Microsystems Inc."/>
    <property name="env.CLASSPATH" value="C:\Program Files\Java\jdk1.6.0_10\lib\mysql-connector-java-5.1.7-bin.jar"/>
    <property name="env.M2_HOME" value="F:\apache-maven-3.1.0\bin\.."/>
    <property name="java.vendor.url" value="http://java.sun.com/"/>
    <property name="java.library.path" value="C:\Program Files\Java\jdk1.6.0_10\bin;.;C:\Windows\Sun\Java\bin;C:\Windows\system32;C:\Windows;C:\Program Files\Common Files\Microsoft Shared\Windows Live;C:\Windows\system32;C:\Windows;C:\Windows\System32\Wbem;C:\Windows\System32\WindowsPowerShell\v1.0\;C:\Program Files\ThinkPad\Bluetooth Software\;C:\Program Files\Broadcom\WHL\;C:\Program Files\ATI Technologies\ATI.ACE\Core-Static;C:\Program Files\Common Files\Lenovo;C:\Program Files\Common Files\Ulead Systems\MPEG;C:\Program Files\Windows Live\Shared;C:\SWTOOLS\ReadyApps;C:\Program Files\Common Files\Acronis\SnapAPI\;C:\work\android-sdk-windows\tools;C:\work\android-sdk-windows\platform-tools;C:\Program Files\Subversion\bin;C:\Program Files\Java\jdk1.6.0_10\lib\dt.jar;C:\Program Files\Java\jdk1.6.0_10\lib\tools.jar;C:\Program Files\Apache Software Foundation\Tomcat 6.0\lib\servlet-api.jar;C:\Program Files\北京银行网银助手;C:\Program Files\TortoiseSVN\bin;F:\apache-maven-3.1.0\bin;C:\Program Files\Java\jdk1.6.0_10\bin;C:\Program Files\MySQL\MySQL Server 5.6\bin;C:\Progr;C:\Progr;C:\Program Files\MySQL\MySQL Server 5.5\bin;C:\Program Files\IDM Computer Solutions\UltraEdit\;C:\Program Files\IDM Computer Solutions\UltraCompare\"/>
    <property name="env.NUMBER_OF_PROCESSORS" value="4"/>
    <property name="env.CLASSWORLDS_LAUNCHER" value="org.codehaus.plexus.classworlds.launcher.Launcher"/>
    <property name="env.PSMODULEPATH" value="C:\Windows\system32\WindowsPowerShell\v1.0\Modules\"/>
    <property name="env.MAVEN_CMD_LINE_ARGS" value="clean install"/>
    <property name="java.vm.vendor" value="Sun Microsystems Inc."/>
    <property name="java.runtime.name" value="Java(TM) SE Runtime Environment"/>
    <property name="maven.home" value="F:\apache-maven-3.1.0\bin\.."/>
    <property name="java.class.path" value="F:\apache-maven-3.1.0\bin\..\boot\plexus-classworlds-2.4.2.jar"/>
    <property name="env.READYAPPS" value="C:\SWTOOLS\ReadyApps"/>
    <property name="maven.version" value="3.1.0"/>
    <property name="env.MAVEN_JAVA_EXE" value="&quot;C:\Program Files\Java\jdk1.6.0_10\bin\java.exe&quot;"/>
    <property name="java.vm.specification.name" value="Java Virtual Machine Specification"/>
    <property name="env.CATALINA_BASE" value="C:\Program Files\Apache Software Foundation\Tomcat 6.0"/>
    <property name="env.LOGONSERVER" value="\\REN-LUO"/>
    <property name="java.vm.specification.version" value="1.0"/>
    <property name="env.PROCESSOR_ARCHITECTURE" value="x86"/>
    <property name="base.dir" value="C:\temp\androidpn1385637895744"/>
    <property name="sun.os.patch.level" value="Service Pack 1"/>
    <property name="sun.cpu.endian" value="little"/>
    <property name="env.HOME" value="C:\Users\renlikun"/>
    <property name="surefire.test.class.path" value="C:\Users\renlikun\Documents\GitHub\androidpn\androidpn-server-src\server\target\test-classes;C:\Users\renlikun\Documents\GitHub\androidpn\androidpn-server-src\server\target\classes;F:\apache-maven-3.1.0\commons-codec\commons-codec\1.4\commons-codec-1.4.jar;F:\apache-maven-3.1.0\commons-collections\commons-collections\3.2.1\commons-collections-3.2.1.jar;F:\apache-maven-3.1.0\commons-configuration\commons-configuration\1.6\commons-configuration-1.6.jar;F:\apache-maven-3.1.0\commons-dbcp\commons-dbcp\1.2.2\commons-dbcp-1.2.2.jar;F:\apache-maven-3.1.0\commons-pool\commons-pool\1.3\commons-pool-1.3.jar;F:\apache-maven-3.1.0\commons-digester\commons-digester\2.0\commons-digester-2.0.jar;F:\apache-maven-3.1.0\commons-beanutils\commons-beanutils\1.8.0\commons-beanutils-1.8.0.jar;F:\apache-maven-3.1.0\commons-httpclient\commons-httpclient\3.1\commons-httpclient-3.1.jar;F:\apache-maven-3.1.0\commons-io\commons-io\1.4\commons-io-1.4.jar;F:\apache-maven-3.1.0\commons-lang\commons-lang\2.4\commons-lang-2.4.jar;F:\apache-maven-3.1.0\commons-logging\commons-logging\1.1.1\commons-logging-1.1.1.jar;F:\apache-maven-3.1.0\log4j\log4j\1.2.12\log4j-1.2.12.jar;F:\apache-maven-3.1.0\org\slf4j\slf4j-api\1.5.8\slf4j-api-1.5.8.jar;F:\apache-maven-3.1.0\org\slf4j\slf4j-log4j12\1.5.8\slf4j-log4j12-1.5.8.jar;F:\apache-maven-3.1.0\xml-apis\xml-apis\1.3.04\xml-apis-1.3.04.jar;F:\apache-maven-3.1.0\xerces\xercesImpl\2.9.1\xercesImpl-2.9.1.jar;F:\apache-maven-3.1.0\dom4j\dom4j\1.6.1\dom4j-1.6.1.jar;F:\apache-maven-3.1.0\xpp3\xpp3\1.1.4c\xpp3-1.1.4c.jar;F:\apache-maven-3.1.0\org\apache\mina\mina-core\2.0.0-RC1\mina-core-2.0.0-RC1.jar;F:\apache-maven-3.1.0\org\apache\mina\mina-integration-beans\2.0.0-RC1\mina-integration-beans-2.0.0-RC1.jar;F:\apache-maven-3.1.0\org\springframework\spring\2.5.6\spring-2.5.6.jar;F:\apache-maven-3.1.0\org\springframework\spring-test\2.5.6\spring-test-2.5.6.jar;F:\apache-maven-3.1.0\org\hibernate\hibernate-core\3.3.1.GA\hibernate-core-3.3.1.GA.jar;F:\apache-maven-3.1.0\antlr\antlr\2.7.6\antlr-2.7.6.jar;F:\apache-maven-3.1.0\javax\transaction\jta\1.1\jta-1.1.jar;F:\apache-maven-3.1.0\org\hibernate\hibernate-annotations\3.4.0.GA\hibernate-annotations-3.4.0.GA.jar;F:\apache-maven-3.1.0\org\hibernate\ejb3-persistence\1.0.2.GA\ejb3-persistence-1.0.2.GA.jar;F:\apache-maven-3.1.0\org\hibernate\hibernate-commons-annotations\3.1.0.GA\hibernate-commons-annotations-3.1.0.GA.jar;F:\apache-maven-3.1.0\org\hibernate\hibernate-tools\3.2.3.GA\hibernate-tools-3.2.3.GA.jar;F:\apache-maven-3.1.0\org\beanshell\bsh\2.0b4\bsh-2.0b4.jar;F:\apache-maven-3.1.0\freemarker\freemarker\2.3.8\freemarker-2.3.8.jar;F:\apache-maven-3.1.0\org\hibernate\jtidy\r8-20060801\jtidy-r8-20060801.jar;F:\apache-maven-3.1.0\javassist\javassist\3.8.0.GA\javassist-3.8.0.GA.jar;F:\apache-maven-3.1.0\net\sf\ehcache\ehcache\1.6.1\ehcache-1.6.1.jar;F:\apache-maven-3.1.0\bouncycastle\bcprov-jdk15\140\bcprov-jdk15-140.jar;F:\apache-maven-3.1.0\org\igniterealtime\tinder\1.2.1\tinder-1.2.1.jar;F:\apache-maven-3.1.0\net\jcip\jcip-annotations\1.0\jcip-annotations-1.0.jar;F:\apache-maven-3.1.0\org\gnu\inet\libidn\1.15\libidn-1.15.jar;F:\apache-maven-3.1.0\org\cyberneko\pull\nekopull\0.2.4\nekopull-0.2.4.jar;F:\apache-maven-3.1.0\org\hsqldb\hsqldb\1.8.0.10\hsqldb-1.8.0.10.jar;F:\apache-maven-3.1.0\mysql\mysql-connector-java\5.1.6\mysql-connector-java-5.1.6.jar;F:\apache-maven-3.1.0\junit\junit\3.8.2\junit-3.8.2.jar;F:\apache-maven-3.1.0\org\dbunit\dbunit\2.4.6\dbunit-2.4.6.jar;F:\apache-maven-3.1.0\org\mortbay\jetty\jetty\6.1.25\jetty-6.1.25.jar;F:\apache-maven-3.1.0\org\mortbay\jetty\jetty-util\6.1.25\jetty-util-6.1.25.jar;F:\apache-maven-3.1.0\org\mortbay\jetty\jetty-sslengine\6.1.25\jetty-sslengine-6.1.25.jar;F:\apache-maven-3.1.0\javax\servlet\servlet-api\2.5\servlet-api-2.5.jar;F:\apache-maven-3.1.0\javax\servlet\jsp\jsp-api\2.1\jsp-api-2.1.jar;F:\apache-maven-3.1.0\javax\servlet\jstl\1.1.2\jstl-1.1.2.jar;F:\apache-maven-3.1.0\taglibs\standard\1.1.2\standard-1.1.2.jar;F:\apache-maven-3.1.0\opensymphony\sitemesh\2.4.1\sitemesh-2.4.1.jar;F:\apache-maven-3.1.0\org\directwebremoting\dwr\2.0.3\dwr-2.0.3.jar;F:\apache-maven-3.1.0\org\springframework\spring-webmvc\2.5.6\spring-webmvc-2.5.6.jar;F:\apache-maven-3.1.0\org\apache\tomcat\jasper\6.0.29\jasper-6.0.29.jar;F:\apache-maven-3.1.0\org\apache\tomcat\juli\6.0.29\juli-6.0.29.jar;F:\apache-maven-3.1.0\org\apache\tomcat\el-api\6.0.29\el-api-6.0.29.jar;F:\apache-maven-3.1.0\org\apache\tomcat\jasper-jdt\6.0.29\jasper-jdt-6.0.29.jar;F:\apache-maven-3.1.0\org\apache\tomcat\jasper-el\6.0.29\jasper-el-6.0.29.jar;"/>
    <property name="java.io.tmpdir" value="C:\Users\renlikun\AppData\Local\Temp\"/>
    <property name="env.PROCESSOR_REVISION" value="2a07"/>
    <property name="java.vendor.url.bug" value="http://java.sun.com/cgi-bin/bugreport.cgi"/>
    <property name="env.COMSPEC" value="C:\Windows\system32\cmd.exe"/>
    <property name="env.PROGRAMDATA" value="C:\ProgramData"/>
    <property name="java.awt.graphicsenv" value="sun.awt.Win32GraphicsEnvironment"/>
    <property name="os.arch" value="x86"/>
    <property name="java.ext.dirs" value="C:\Program Files\Java\jdk1.6.0_10\jre\lib\ext;C:\Windows\Sun\Java\lib\ext"/>
    <property name="user.dir" value="C:\Users\renlikun\Documents\GitHub\androidpn\androidpn-server-src\server"/>
    <property name="env.LOCALAPPDATA" value="C:\Users\renlikun\AppData\Local"/>
    <property name="env.MAVEN_HOME" value="F:\apache-maven-3.1.0"/>
    <property name="line.separator" value="
"/>
    <property name="java.vm.name" value="Java HotSpot(TM) Client VM"/>
    <property name="env.CLASSWORLDS_JAR" value="&quot;F:\apache-maven-3.1.0\bin\..\boot\plexus-classworlds-2.4.2.jar&quot;"/>
    <property name="env.PATHEXT" value=".COM;.EXE;.BAT;.CMD;.VBS;.VBE;.JS;.JSE;.WSF;.WSH;.MSC"/>
    <property name="basedir" value="C:\Users\renlikun\Documents\GitHub\androidpn\androidpn-server-src\server"/>
    <property name="env.ERROR_CODE" value="0"/>
    <property name="env.USERNAME" value="renlikun"/>
    <property name="file.encoding" value="GBK"/>
    <property name="env.RR" value="C:\Program Files\Lenovo\Rescue and Recovery"/>
    <property name="env.USERDOMAIN" value="ren-luo"/>
    <property name="java.specification.version" value="1.6"/>
    <property name="env.=C:" value="C:\Users\renlikun\Documents\GitHub\androidpn\androidpn-server-src"/>
    <property name="env.PROCESSOR_LEVEL" value="6"/>
  </properties>
  <testcase time="0.795" classname="org.androidpn.server.dao.UserDaoTest" name="testDummy"/>
  <testcase time="0.016" classname="org.androidpn.server.dao.UserDaoTest" name="testGetUser"/>
  <testcase time="0.062" classname="org.androidpn.server.dao.UserDaoTest" name="testAddAndRemoveUser"/>
  <testcase time="0" classname="org.androidpn.server.dao.UserDaoTest" name="testUpdateUser"/>
  <testcase time="0" classname="org.androidpn.server.dao.UserDaoTest" name="testUserExists"/>
  <testcase time="0.016" classname="org.androidpn.server.dao.UserDaoTest" name="testUserNotExists"/>
</testsuite>